[01-Sep-2015 23:57:21 UTC] PHP Parse error:  syntax error, unexpected '}' in /home/ubuntu/workspace/BackEnd/TempService.php on line 5
[01-Sep-2015 23:57:21 UTC] PHP Stack trace:
[01-Sep-2015 23:57:21 UTC] PHP   1. {main}() /home/ubuntu/workspace/BackEnd/TempController.class.php:0
[02-Sep-2015 00:01:32 UTC] PHP Fatal error:  Call to undefined function fahrenheit() in /home/ubuntu/workspace/BackEnd/TempService.php on line 4
[02-Sep-2015 00:01:32 UTC] PHP Stack trace:
[02-Sep-2015 00:01:32 UTC] PHP   1. {main}() /home/ubuntu/workspace/BackEnd/TempController.class.php:0
[02-Sep-2015 00:01:32 UTC] PHP   2. TempService::getIndex() /home/ubuntu/workspace/BackEnd/TempController.class.php:8
[02-Sep-2015 00:35:12 UTC] PHP Fatal error:  Call to undefined function fahrenheit() in /home/ubuntu/workspace/BackEnd/TempService.php on line 4
[02-Sep-2015 00:35:12 UTC] PHP Stack trace:
[02-Sep-2015 00:35:12 UTC] PHP   1. {main}() /home/ubuntu/workspace/BackEnd/TempController.class.php:0
[02-Sep-2015 00:35:12 UTC] PHP   2. TempService::getCalc() /home/ubuntu/workspace/BackEnd/TempController.class.php:8
[02-Sep-2015 00:45:19 UTC] PHP Fatal error:  Call to undefined function fahrenheit() in /home/ubuntu/workspace/BackEnd/TempService.php on line 4
[02-Sep-2015 00:45:19 UTC] PHP Stack trace:
[02-Sep-2015 00:45:19 UTC] PHP   1. {main}() /home/ubuntu/workspace/BackEnd/TempController.class.php:0
[02-Sep-2015 00:45:19 UTC] PHP   2. TempService::getCalc() /home/ubuntu/workspace/BackEnd/TempController.class.php:8
[02-Sep-2015 00:47:49 UTC] PHP Fatal error:  Call to undefined function fahrenheit() in /home/ubuntu/workspace/BackEnd/TempService.php on line 4
[02-Sep-2015 00:47:49 UTC] PHP Stack trace:
[02-Sep-2015 00:47:49 UTC] PHP   1. {main}() /home/ubuntu/workspace/BackEnd/TempController.class.php:0
[02-Sep-2015 00:47:49 UTC] PHP   2. TempService::getCalc() /home/ubuntu/workspace/BackEnd/TempController.class.php:8
[02-Sep-2015 00:48:21 UTC] PHP Fatal error:  Call to undefined function fahrenheit() in /home/ubuntu/workspace/BackEnd/TempService.php on line 4
[02-Sep-2015 00:48:21 UTC] PHP Stack trace:
[02-Sep-2015 00:48:21 UTC] PHP   1. {main}() /home/ubuntu/workspace/BackEnd/TempController.class.php:0
[02-Sep-2015 00:48:21 UTC] PHP   2. TempService::getCalc() /home/ubuntu/workspace/BackEnd/TempController.class.php:8
